build/app/intermediates/manifest_merge_blame_file/debug/manifest-merger-blame-debug-report.txt
1<?xml version="1.0" encoding="utf-8"?>
2<manifest xmlns:android="http://schemas.android.com/apk/res/android"
3    package="com.example.flutterapp"
4    android:versionCode="1"
5    android:versionName="1.0.0" >
6
7    <uses-sdk
8        android:minSdkVersion="17"
9        android:targetSdkVersion="31" />
10    <!--
11         Flutter needs it to communicate with the running application
12         to allow setting breakpoints, to provide hot reload, etc.
13    -->
14    <uses-permission android:name="android.permission.INTERNET" />
14-->src\debug\AndroidManifest.xml:6:5-66
14-->src\debug\AndroidManifest.xml:6:22-64
15
16    <queries>
16-->[:flutter_inappwebview] AndroidManifest.xml:7:5-11:15
17        <intent>
17-->[:flutter_inappwebview] AndroidManifest.xml:8:9-10:18
18            <action android:name="android.support.customtabs.action.CustomTabsService" />
18-->[:flutter_inappwebview] AndroidManifest.xml:9:13-90
18-->[:flutter_inappwebview] AndroidManifest.xml:9:21-87
19        </intent>
20    </queries>
21
22    <application
23        android:name="android.app.Application"
24        android:appComponentFactory="androidx.core.app.CoreComponentFactory"
24-->[androidx.core:core:1.8.0] AndroidManifest.xml:24:18-86
25        android:debuggable="true"
26        android:icon="@mipmap/ic_launcher"
27        android:label="flutterapp" >
28        <activity
29            android:name="com.example.flutterapp.MainActivity"
30            android:configChanges="orientation|keyboardHidden|keyboard|screenSize|smallestScreenSize|locale|layoutDirection|fontScale|screenLayout|density|uiMode"
31            android:exported="true"
32            android:hardwareAccelerated="true"
33            android:launchMode="singleTop"
34            android:theme="@style/LaunchTheme"
35            android:windowSoftInputMode="adjustResize" >
36
37            <!--
38                 Specifies an Android theme to apply to this Activity as soon as
39                 the Android process has started. This theme is visible to the user
40                 while the Flutter UI initializes. After that, this theme continues
41                 to determine the Window background behind the Flutter UI.
42            -->
43            <meta-data
44                android:name="io.flutter.embedding.android.NormalTheme"
45                android:resource="@style/NormalTheme" />
46
47            <intent-filter>
48                <action android:name="android.intent.action.MAIN" />
49
50                <category android:name="android.intent.category.LAUNCHER" />
51            </intent-filter>
52        </activity>
53        <!--
54             Don't delete the meta-data below.
55             This is used by the Flutter tool to generate GeneratedPluginRegistrant.java
56        -->
57        <meta-data
58            android:name="flutterEmbedding"
59            android:value="2" />
60
61        <activity
61-->[:flutter_inappwebview] AndroidManifest.xml:14:9-18:47
62            android:name="com.pichillilorenzo.flutter_inappwebview.in_app_browser.InAppBrowserActivity"
62-->[:flutter_inappwebview] AndroidManifest.xml:15:13-104
63            android:configChanges="orientation|keyboardHidden|keyboard|screenSize|locale|layoutDirection|fontScale|screenLayout|density"
63-->[:flutter_inappwebview] AndroidManifest.xml:16:13-137
64            android:exported="false"
64-->[:flutter_inappwebview] AndroidManifest.xml:17:13-37
65            android:theme="@style/AppTheme" />
65-->[:flutter_inappwebview] AndroidManifest.xml:18:13-44
66        <activity
66-->[:flutter_inappwebview] AndroidManifest.xml:19:9-22:55
67            android:name="com.pichillilorenzo.flutter_inappwebview.chrome_custom_tabs.ChromeCustomTabsActivity"
67-->[:flutter_inappwebview] AndroidManifest.xml:20:13-112
68            android:exported="false"
68-->[:flutter_inappwebview] AndroidManifest.xml:21:13-37
69            android:theme="@style/ThemeTransparent" />
69-->[:flutter_inappwebview] AndroidManifest.xml:22:13-52
70        <activity
70-->[:flutter_inappwebview] AndroidManifest.xml:23:9-26:55
71            android:name="com.pichillilorenzo.flutter_inappwebview.chrome_custom_tabs.TrustedWebActivity"
71-->[:flutter_inappwebview] AndroidManifest.xml:24:13-106
72            android:exported="false"
72-->[:flutter_inappwebview] AndroidManifest.xml:25:13-37
73            android:theme="@style/ThemeTransparent" />
73-->[:flutter_inappwebview] AndroidManifest.xml:26:13-52
74        <activity
74-->[:flutter_inappwebview] AndroidManifest.xml:27:9-31:55
75            android:name="com.pichillilorenzo.flutter_inappwebview.chrome_custom_tabs.ChromeCustomTabsActivitySingleInstance"
75-->[:flutter_inappwebview] AndroidManifest.xml:28:13-126
76            android:exported="false"
76-->[:flutter_inappwebview] AndroidManifest.xml:29:13-37
77            android:launchMode="singleInstance"
77-->[:flutter_inappwebview] AndroidManifest.xml:30:13-48
78            android:theme="@style/ThemeTransparent" />
78-->[:flutter_inappwebview] AndroidManifest.xml:31:13-52
79        <activity
79-->[:flutter_inappwebview] AndroidManifest.xml:32:9-36:55
80            android:name="com.pichillilorenzo.flutter_inappwebview.chrome_custom_tabs.TrustedWebActivitySingleInstance"
80-->[:flutter_inappwebview] AndroidManifest.xml:33:13-120
81            android:exported="false"
81-->[:flutter_inappwebview] AndroidManifest.xml:34:13-37
82            android:launchMode="singleInstance"
82-->[:flutter_inappwebview] AndroidManifest.xml:35:13-48
83            android:theme="@style/ThemeTransparent" />
83-->[:flutter_inappwebview] AndroidManifest.xml:36:13-52
84
85        <receiver
85-->[:flutter_inappwebview] AndroidManifest.xml:38:9-41:40
86            android:name="com.pichillilorenzo.flutter_inappwebview.chrome_custom_tabs.ActionBroadcastReceiver"
86-->[:flutter_inappwebview] AndroidManifest.xml:39:13-111
87            android:enabled="true"
87-->[:flutter_inappwebview] AndroidManifest.xml:40:13-35
88            android:exported="false" />
88-->[:flutter_inappwebview] AndroidManifest.xml:41:13-37
89
90        <meta-data
90-->[:flutter_inappwebview] AndroidManifest.xml:43:9-45:36
91            android:name="io.flutter.embedded_views_preview"
91-->[:flutter_inappwebview] AndroidManifest.xml:44:13-61
92            android:value="true" />
92-->[:flutter_inappwebview] AndroidManifest.xml:45:13-33
93
94        <uses-library
94-->[androidx.window:window:1.0.0-beta04] AndroidManifest.xml:25:9-27:40
95            android:name="androidx.window.extensions"
95-->[androidx.window:window:1.0.0-beta04] AndroidManifest.xml:26:13-54
96            android:required="false" />
96-->[androidx.window:window:1.0.0-beta04] AndroidManifest.xml:27:13-37
97        <uses-library
97-->[androidx.window:window:1.0.0-beta04] AndroidManifest.xml:28:9-30:40
98            android:name="androidx.window.sidecar"
98-->[androidx.window:window:1.0.0-beta04] AndroidManifest.xml:29:13-51
99            android:required="false" />
99-->[androidx.window:window:1.0.0-beta04] AndroidManifest.xml:30:13-37
100
101        <provider
101-->[androidx.emoji2:emoji2:1.2.0] AndroidManifest.xml:24:9-32:20
102            android:name="androidx.startup.InitializationProvider"
102-->[androidx.emoji2:emoji2:1.2.0] AndroidManifest.xml:25:13-67
103            android:authorities="com.example.flutterapp.androidx-startup"
103-->[androidx.emoji2:emoji2:1.2.0] AndroidManifest.xml:26:13-68
104            android:exported="false" >
104-->[androidx.emoji2:emoji2:1.2.0] AndroidManifest.xml:27:13-37
105            <meta-data
105-->[androidx.emoji2:emoji2:1.2.0] AndroidManifest.xml:29:13-31:52
106                android:name="androidx.emoji2.text.EmojiCompatInitializer"
106-->[androidx.emoji2:emoji2:1.2.0] AndroidManifest.xml:30:17-75
107                android:value="androidx.startup" />
107-->[androidx.emoji2:emoji2:1.2.0] AndroidManifest.xml:31:17-49
108            <meta-data
108-->[androidx.lifecycle:lifecycle-process:2.4.1] AndroidManifest.xml:31:13-33:52
109                android:name="androidx.lifecycle.ProcessLifecycleInitializer"
109-->[androidx.lifecycle:lifecycle-process:2.4.1] AndroidManifest.xml:32:17-78
110                android:value="androidx.startup" />
110-->[androidx.lifecycle:lifecycle-process:2.4.1] AndroidManifest.xml:33:17-49
111        </provider>
112    </application>
113
114</manifest>